2025-05-13 13:00:21,374 - INFO - HTTP Request: POST https://open.bigmodel.cn/api/paas/v4/chat/completions "HTTP/1.1 200 OK"
2025-05-13 13:00:21,377 - INFO - Risk Check: {
  "market_data": {
    "D1": "\nRecent XAUUSD D1 candles:\nTime: 2025-04-15 00:00:00, Open: 3211.13, High: 3233.58, Low: 3210.03, Cl...",
    "H4": "\nRecent XAUUSD H4 candles:\nTime: 2025-05-08 00:00:00, Open: 3366.20, High: 3387.02, Low: 3364.89, Cl...",
    "H1": "\nRecent XAUUSD H1 candles:\nTime: 2025-05-12 09:00:00, Open: 3276.08, High: 3281.64, Low: 3273.08, Cl..."
  },
  "analysis": "---\n\n1. 日线和4小时的主导趋势方向：\n   - 日线趋势：从2025年4月15日至今，XAUUSD显示为上升趋势，尤其是在4月22日至5月1日期间，价格上涨较为明显。\n   - 4小时趋势：在...",
  "timestamp": "2025-05-13T13:00:21.377304",
  "analysis_content": {
    "technical_analysis": "---\n\n1. 日线和4小时的主导趋势方向：\n   - 日线趋势：从2025年4月15日至今，XAUUSD显示为上升趋势，尤其是在4月22日至5月1日期间，价格上涨较为明显。\n   - 4小时趋势：在5月8日之前，4小时图表也显示出上升趋势，但5月8日之后，趋势有所减弱，进入震荡区间。\n\n2. 1小时图的市场结构分析：\n   - 在5月12日，1小时图显示市场进入了一个震荡区间，价格在3220.43至3348.58之间波动。\n\n3. 1小时图的关键支撑/阻力位：\n   - 支撑位：3216.19、3220.43、3233.77\n   - 阻力位：3248.72、3253.51、3269.27\n\n4. 1小时图的供需区域和订单块：\n   - 供需区域：3220.43至3269.27\n   - 订单块：在阻力位和支撑位附近可能有较大的订单块。\n\n5. 1小时图的技术指标分析：\n   - RSI：在震荡区间内，RSI在20至80之间波动，表明市场未出现超买或超卖情况。\n   - EMA：5、10、20日EMA在3220.43至3269.27区间内交错，为价格提供了动态支撑和阻力。\n   - WPR：在-20至-80区间内波动，表明市场未出现明显的超买或超卖情况。\n\n6. 1小时图的成交量特征：\n   - 成交量在震荡区间内波动，没有明显的增加或减少。\n\n7. 具体的交易机会和入场点：\n   - 由于市场处于震荡区间，交易机会较为有限。可以考虑在接近支撑位时买入，在接近阻力位时卖出。\n\n---",
    "trading_signal": "---\n\n信号: 买入\n入场: 3220.43\n止损: 3216.19\n止盈: 3248.72\n仓位: 0.1手\n\n信号: 卖出\n入场: 3269.27\n止损: 3273.08\n止盈: 3240.82\n仓位: 0.1手\n\n请注意，由于市场波动性，这些信号可能需要根据实时市场情况调整。\n\n---"
  }
}
2025-05-13 13:00:21,379 - INFO - Trade Decision: {
  "type": "trade_execution",
  "signal": {
    "action": "BUY",
    "entry_price": 3220.43,
    "stop_loss": 3216.19,
    "take_profit": 3248.72,
    "volume": 0.1
  },
  "timestamp": "2025-05-13T13:00:21.379244"
}
2025-05-13 13:00:21,381 - INFO - Trade Decision: {
  "type": "trade_failed",
  "error_code": 10027,
  "timestamp": "2025-05-13T13:00:21.381028"
}
2025-05-13 13:21:26,795 - INFO - HTTP Request: POST https://open.bigmodel.cn/api/paas/v4/chat/completions "HTTP/1.1 200 OK"
2025-05-13 13:21:26,797 - INFO - Risk Check: {
  "market_data": {
    "D1": "\nRecent XAUUSD D1 candles:\nTime: 2025-04-15 00:00:00, Open: 3211.13, High: 3233.58, Low: 3210.03, Cl...",
    "H4": "\nRecent XAUUSD H4 candles:\nTime: 2025-05-08 00:00:00, Open: 3366.20, High: 3387.02, Low: 3364.89, Cl...",
    "H1": "\nRecent XAUUSD H1 candles:\nTime: 2025-05-12 09:00:00, Open: 3276.08, High: 3281.64, Low: 3273.08, Cl..."
  },
  "analysis": "---\n[技术分析结果]\n- 日线趋势：震荡上升\n- 4小时趋势：上升趋势\n- 1小时图市场结构：可能的看跌反转模式\n- 关键支撑/阻力位：3210.03、3233.58、3250.41、3277.9...",
  "timestamp": "2025-05-13T13:21:26.797505",
  "analysis_content": {
    "technical_analysis": "---\n[技术分析结果]\n- 日线趋势：震荡上升\n- 4小时趋势：上升趋势\n- 1小时图市场结构：可能的看跌反转模式\n- 关键支撑/阻力位：3210.03、3233.58、3250.41、3277.91\n- 供需区域：3210.03至3233.58\n- 技术指标：RSI接近中性，EMA5/10交叉看跌，WPR在超卖区域\n- 成交量特征：下跌初期增加，反弹时减少\n---",
    "trading_signal": "---\n[交易信号]\n- 信号：卖出\n- 入场：3250.41\n- 止损：3277.91\n- 止盈：3210.03\n- 仓位：0.1手\n- 原因：1小时图显示可能的看跌反转模式，且价格接近近期高点，存在回调风险。\n---"
  }
}
2025-05-13 13:21:26,798 - INFO - Trade Decision: {
  "type": "trade_execution",
  "signal": {
    "action": "SELL",
    "entry_price": 3250.41,
    "stop_loss": 3277.91,
    "take_profit": 3210.03,
    "volume": 0.1
  },
  "timestamp": "2025-05-13T13:21:26.798601"
}
2025-05-13 13:21:26,893 - INFO - Trade Decision: {
  "type": "trade_error",
  "error": "'NoneType' object has no attribute 'retcode'",
  "timestamp": "2025-05-13T13:21:26.800270"
}
2025-05-13 20:02:17,512 - INFO - HTTP Request: POST https://open.bigmodel.cn/api/paas/v4/chat/completions "HTTP/1.1 200 OK"
2025-05-13 20:02:17,678 - INFO - Risk Check: {
  "market_data": {
    "D1": "\nRecent XAUUSD D1 candles:\nTime: 2025-04-15 00:00:00, Open: 3211.13, High: 3233.58, Low: 3210.03, Cl...",
    "H4": "\nRecent XAUUSD H4 candles:\nTime: 2025-05-08 08:00:00, Open: 3382.09, High: 3384.28, Low: 3320.35, Cl...",
    "H1": "\nRecent XAUUSD H1 candles:\nTime: 2025-05-12 16:00:00, Open: 3233.58, High: 3248.72, Low: 3231.82, Cl..."
  },
  "analysis": "---\n- **日线趋势**：XAUUSD表现出先上涨后震荡下跌的趋势。\n- **4小时趋势**：XAUUSD处于下跌趋势中。\n- **1小时趋势**：XAUUSD在2025-05-12 16:00至...",
  "timestamp": "2025-05-13T20:02:17.678772",
  "analysis_content": {
    "technical_analysis": "---\n- **日线趋势**：XAUUSD表现出先上涨后震荡下跌的趋势。\n- **4小时趋势**：XAUUSD处于下跌趋势中。\n- **1小时趋势**：XAUUSD在2025-05-12 16:00至2025-05-13 12:00期间表现出明显的下降趋势。\n- **关键支撑位**：3220.43，3215.90\n- **关键阻力位**：3248.72，3258.00\n- **技术指标**：RSI接近或低于50，显示市场可能处于超卖状态；EMA5和EMA10处于EMA20下方，短期趋势向下；WPR在-20至-80之间，市场可能处于超卖状态。\n---",
    "trading_signal": "---\n信号: 卖空\n入场: 3248.72\n止损: 3258.00\n止盈: 3220.43\n仓位: 0.1手\n---"
  }
}
2025-05-13 20:32:38,926 - INFO - HTTP Request: POST https://open.bigmodel.cn/api/paas/v4/chat/completions "HTTP/1.1 200 OK"
2025-05-13 20:32:38,929 - INFO - Risk Check: {
  "market_data": {
    "D1": "\nRecent XAUUSD D1 candles:\nTime: 2025-04-15 00:00:00, Open: 3211.13, High: 3233.58, Low: 3210.03, Cl...",
    "H4": "\nRecent XAUUSD H4 candles:\nTime: 2025-05-08 08:00:00, Open: 3382.09, High: 3384.28, Low: 3320.35, Cl...",
    "H1": "\nRecent XAUUSD H1 candles:\nTime: 2025-05-12 16:00:00, Open: 3233.58, High: 3248.72, Low: 3231.82, Cl..."
  },
  "analysis": "---\n\n1. **日线和4小时的主导趋势方向：**\n   - **日线趋势：** 日线显示，XAUUSD在过去几周内经历了一波上涨，但最近有所回调。RSI在70以上，表明市场可能接近超买区域。EMA...",
  "timestamp": "2025-05-13T20:32:38.928730",
  "analysis_content": {
    "technical_analysis": "---\n\n1. **日线和4小时的主导趋势方向：**\n   - **日线趋势：** 日线显示，XAUUSD在过去几周内经历了一波上涨，但最近有所回调。RSI在70以上，表明市场可能接近超买区域。EMA5、EMA10和EMA20表明，尽管价格有所上涨，但长期趋势线仍然向上。\n   - **4小时趋势：** 4小时图显示，市场在经历了上涨后开始回调，但整体趋势仍然看涨。RSI在50以上，表明市场处于超买区域，存在回调可能性。\n\n2. **1小时图的市场结构分析：**\n   - 1小时图显示，市场近期经历了上涨和回调的交替。价格在3230-3250区间内波动，形成了支撑和阻力区域。\n\n3. **1小时图的关键支撑/阻力位：**\n   - 支撑位：3220-3230\n   - 阻力位：3240-3250\n\n4. **1小时图的供需区域和订单块：**\n   - 供需区域：3220-3250\n   - 订单块：3240-3250\n\n5. **1小时图的技术指标分析：**\n   - **RSI：** RSI在60-70之间波动，表明市场可能处于超买区域，但需要关注后续走势以确认是否形成超买信号。\n   - **EMA：** EMA5和EMA10提供了支撑和阻力，而EMA20则作为长期趋势线。\n   - **WPR：** WPR指标在-20至-80区间内波动，表明市场可能处于超买区域。\n\n6. **1小时图的成交量特征：**\n   - 成交量在上涨和回调期间波动，但没有明显的放大或缩减。\n\n7. **具体的交易机会和入场点：**\n   - 由于市场接近超买区域，可以考虑在阻力位附近建立空头头寸。\n   - 入场点：3240-3250\n   - 止损：3255\n   - 止盈：3220\n\n---",
    "trading_signal": "---\n**信号：卖出**\n**入场：3240-3250**\n**止损：3255**\n**止盈：3220**\n**仓位：0.1手**\n\n**原因：** 市场接近超买区域，1小时图显示上涨动能可能减弱，阻力位附近可能形成回调。RSI和WPR指标也支持这一观点。\n\n---"
  }
}
2025-05-13 20:32:38,929 - INFO - Trade Decision: {
  "type": "trade_execution",
  "signal": {
    "action": "SELL",
    "entry_price": 3240.0,
    "stop_loss": 3255.0,
    "take_profit": 3220.0,
    "volume": 0.1
  },
  "timestamp": "2025-05-13T20:32:38.929972"
}
2025-05-13 20:32:42,620 - INFO - Trade Decision: {
  "type": "trade_error",
  "error": "'NoneType' object has no attribute 'retcode'",
  "timestamp": "2025-05-13T20:32:42.620307"
}
2025-05-14 18:45:04,912 - INFO - HTTP Request: POST https://open.bigmodel.cn/api/paas/v4/chat/completions "HTTP/1.1 200 OK"
2025-05-14 18:45:04,974 - INFO - Risk Check: {
  "market_data": {
    "D1": "\nRecent XAUUSD D1 candles:\nTime: 2025-04-15 00:00:00, Open: 3211.13, High: 3233.58, Low: 3210.03, Cl...",
    "H4": "\nRecent XAUUSD H4 candles:\nTime: 2025-05-08 12:00:00, Open: 3339.37, High: 3358.58, Low: 3330.41, Cl...",
    "H1": "\nRecent XAUUSD H1 candles:\nTime: 2025-05-12 22:00:00, Open: 3229.69, High: 3238.80, Low: 3228.95, Cl..."
  },
  "analysis": "---\n\n1. **日线和4小时的主导趋势方向**：\n   - 日线趋势：从4月15日至5月13日，XAUUSD呈现出先上涨后下跌的趋势。最近几个交易日，金价在3280附近震荡，显示出一定的波动性。\n...",
  "timestamp": "2025-05-14T18:45:04.974844",
  "analysis_content": {
    "technical_analysis": "---\n\n1. **日线和4小时的主导趋势方向**：\n   - 日线趋势：从4月15日至5月13日，XAUUSD呈现出先上涨后下跌的趋势。最近几个交易日，金价在3280附近震荡，显示出一定的波动性。\n   - 4小时趋势：在4月21日至5月13日期间，金价在3300-3350区间内波动，显示出震荡上行趋势。\n\n2. **1小时图的市场结构分析**：\n   - 1小时图显示，金价在5月13日从3280附近开始反弹，并在3350附近遇到阻力。在3280-3350区间内，金价呈现出震荡走势。\n\n3. **1小时图的关键支撑/阻力位**：\n   - 支撑位：3280、3250、3220\n   - 阻力位：3350、3380、3420\n\n4. **1小时图的供需区域和订单块**：\n   - 供需区域：3280-3350\n   - 订单块：3280、3350、3380\n\n5. **1小时图的技术指标分析**：\n   - RSI：在55-70之间波动，显示出一定的超买和超卖情况。\n   - EMA：EMA5、EMA10、EMA20在3280-3350区间内波动，为金价提供支撑和阻力。\n   - WPR：在-20至-80之间波动，显示出超买和超卖情况。\n\n6. **1小时图的成交量特征**：\n   - 成交量在3280-3350区间内波动，显示出市场在该区间内的活跃度。\n\n7. **具体的交易机会和入场点**：\n   - 买入机会：在3280附近\n   - 卖出机会：在3350附近\n\n---",
    "trading_signal": "---\n\n**信号**：买入\n**入场**：3280\n**止损**：3250\n**止盈**：3350\n**仓位**：0.1手\n\n**原因**：根据日线和4小时图，金价在3280附近获得支撑，且1小时图显示金价在该位置附近有买入信号。RSI指标在55-70之间，显示出一定的超卖情况，而EMA指标在3280附近提供支撑。\n\n---"
  }
}
2025-05-14 18:45:04,975 - INFO - Trade Decision: {
  "type": "trade_execution",
  "signal": {
    "action": "BUY",
    "volume": 0.01
  },
  "timestamp": "2025-05-14T18:45:04.975841"
}
2025-05-16 21:58:48,673 - INFO - HTTP Request: POST https://open.bigmodel.cn/api/paas/v4/chat/completions "HTTP/1.1 200 OK"
2025-05-16 21:58:48,709 - INFO - Risk Check: {
  "market_data": {
    "D1": "\nRecent XAUUSD D1 candles:\nTime: 2025-04-21 00:00:00, Open: 3333.47, High: 3430.57, Low: 3326.27, Cl...",
    "H4": "\nRecent XAUUSD H4 candles:\nTime: 2025-05-13 08:00:00, Open: 3252.62, High: 3265.52, Low: 3247.39, Cl...",
    "H1": "\nRecent XAUUSD H1 candles:\nTime: 2025-05-15 17:00:00, Open: 3192.16, High: 3207.11, Low: 3190.54, Cl..."
  },
  "analysis": "---\n\n1. **日线和4小时的主导趋势方向**：\n   - **日线趋势**：根据日线数据，XAUUSD自2025年4月21日以来呈现出震荡上升的趋势。RSI在70以上表明市场处于超买状态，但EM...",
  "timestamp": "2025-05-16T21:58:48.709686",
  "analysis_content": {
    "technical_analysis": "---\n\n1. **日线和4小时的主导趋势方向**：\n   - **日线趋势**：根据日线数据，XAUUSD自2025年4月21日以来呈现出震荡上升的趋势。RSI在70以上表明市场处于超买状态，但EMA5、EMA10和EMA20显示上升趋势，WPR在-20至-80区间，表明市场仍处于上升趋势中。\n   - **4小时趋势**：4小时图也显示出上升趋势，尽管波动性有所增加。RSI在30至70之间波动，表明市场处于中性状态，但EMA5、EMA10和EMA20同样显示出上升趋势，WPR在-20至-80区间，进一步确认了上升趋势。\n\n2. **1小时图的市场结构分析**：\n   - 1小时图显示市场在3190-3250区间内震荡，形成了一个收敛三角形结构。这表明市场可能即将突破，但方向不明。\n\n3. **1小时图的关键支撑/阻力位**：\n   - 支撑位：3190、3180、3170\n   - 阻力位：3250、3260、3270\n\n4. **1小时图的供需区域和订单块**：\n   - 供需区域：3190-3250\n   - 订单块：在关键支撑和阻力位附近可能存在较大的订单。\n\n5. **1小时图的技术指标分析**：\n   - **RSI**：在55至80之间波动，市场处于超买状态。\n   - **EMA**：EMA5、EMA10和EMA20显示出上升趋势，但EMA10和EMA20在近期有交叉迹象，表明趋势可能减弱。\n   - **WPR**：在-20至-80区间，市场处于上升趋势中。\n\n6. **1小时图的成交量特征**：\n   - 成交量在关键支撑和阻力位附近有所增加，表明市场在这些区域有较大的买卖兴趣。\n\n7. **具体的交易机会和入场点**：\n   - 由于市场处于收敛三角形结构，建议在突破3190或3250时入场。\n   - 如果市场突破3190，考虑买入；如果突破3250，考虑卖出。\n\n---",
    "trading_signal": "---\n\n**信号**：买入\n**入场**：3190\n**止损**：3170\n**止盈**：3250\n**仓位**：0.1手\n\n**原因**：市场处于上升趋势中，且在关键支撑位附近形成收敛三角形结构，突破后可能继续上涨。\n\n---"
  }
}
2025-05-16 21:58:48,720 - INFO - Trade Decision: {
  "type": "trade_execution",
  "signal": {
    "action": "BUY",
    "volume": 0.01
  },
  "timestamp": "2025-05-16T21:58:48.720891"
}
2025-05-16 22:05:26,898 - INFO - HTTP Request: POST https://open.bigmodel.cn/api/paas/v4/chat/completions "HTTP/1.1 200 OK"
2025-05-16 22:05:26,901 - INFO - Risk Check: {
  "market_data": {
    "D1": "\nRecent XAUUSD D1 candles:\nTime: 2024-02-21 00:00:00, Open: 2024.21, High: 2032.27, Low: 2020.07, Cl...",
    "H4": "\nRecent XAUUSD H4 candles:\nTime: 2024-03-14 12:00:00, Open: 2169.62, High: 2172.04, Low: 2160.48, Cl...",
    "H1": "\nRecent XAUUSD H1 candles:\nTime: 2024-03-18 20:00:00, Open: 2159.99, High: 2161.21, Low: 2158.10, Cl..."
  },
  "analysis": "---\n\n1. **日线和4小时的主导趋势方向**：\n   - **日线趋势**：根据提供的日线数据，XAUUSD在2024年3月初出现了一波大幅上涨，随后进入横盘整理。近期，黄金价格在2100-22...",
  "timestamp": "2025-05-16T22:05:26.900542",
  "analysis_content": {
    "technical_analysis": "---\n\n1. **日线和4小时的主导趋势方向**：\n   - **日线趋势**：根据提供的日线数据，XAUUSD在2024年3月初出现了一波大幅上涨，随后进入横盘整理。近期，黄金价格在2100-2200美元/盎司区间内波动，RSI值在50-70之间，表明市场处于中性至略微偏多状态。EMA20作为长期均线，在2024年3月8日以来一直为支撑，显示出较强的支撑力。\n   - **4小时趋势**：在4小时图上，黄金价格在2024年3月15日之后形成了一个明显的下降趋势，随后在2160-2170美元/盎司区间内横盘整理。RSI值在40-60之间波动，表明市场处于中性状态。\n\n2. **1小时图的市场结构分析**：\n   - 1小时图显示，黄金价格在2024年3月18日之后从2160美元/盎司附近开始下跌，形成了一个下降趋势。价格在2150美元/盎司附近找到了支撑，随后开始反弹。\n\n3. **1小时图的关键支撑/阻力位**：\n   - 支撑位：2150美元/盎司，2140美元/盎司。\n   - 阻力位：2160美元/盎司，2170美元/盎司。\n\n4. **1小时图的供需区域和订单块**：\n   - 根据订单块理论，目前没有明显的供需区域或订单块信息。\n\n5. **1小时图的技术指标分析**：\n   - **RSI**：在1小时图上，RSI值在30-70之间波动，没有出现超买或超卖信号。\n   - **EMA**：EMA5、EMA10和EMA20在当前价格水平附近交叉，为市场提供了动态支撑和阻力。\n   - **WPR**：WPR值在-20至-80之间波动，没有出现超买或超卖信号。\n\n6. **1小时图的成交量特征**：\n   - 成交量没有显示出明显的放大或缩量特征。\n\n7. **具体的交易机会和入场点**：\n   - 考虑到1小时图上的下降趋势，可以考虑在价格接近2150美元/盎司时轻仓做空，目标位为2140美元/盎司。\n\n---",
    "trading_signal": "---\n\n**信号**：卖出\n**入场**：2150美元/盎司\n**止损**：2155美元/盎司\n**止盈**：2140美元/盎司\n**仓位**：0.1手\n\n**原因**：基于1小时图上的下降趋势和RSI、EMA等指标，以及日线和4小时图上的横盘整理，预计黄金价格将会有所下跌。\n\n---"
  }
}
2025-05-16 22:05:26,902 - INFO - Trade Decision: {
  "type": "trade_execution",
  "signal": {
    "action": "SELL",
    "volume": 0.01
  },
  "timestamp": "2025-05-16T22:05:26.901578"
}
2025-05-16 22:28:39,900 - INFO - HTTP Request: POST https://open.bigmodel.cn/api/paas/v4/chat/completions "HTTP/1.1 200 OK"
2025-05-16 22:28:39,903 - INFO - Risk Check: {
  "market_data": {
    "D1": "\nRecent XAUUSD D1 candles:\nTime: 2025-02-20 00:00:00, Open: 2933.50, High: 2954.94, Low: 2924.21, Cl...",
    "H4": "\nRecent XAUUSD H4 candles:\nTime: 2025-03-14 12:00:00, Open: 2992.98, High: 3004.97, Low: 2986.55, Cl...",
    "H1": "\nRecent XAUUSD H1 candles:\nTime: 2025-03-18 20:00:00, Open: 3035.99, High: 3036.25, Low: 3029.87, Cl..."
  },
  "analysis": "---\n\n1. 日线和4小时的主导趋势方向：\n   - 日线趋势：从2月20日至今，XAUUSD的日线趋势总体呈上升趋势，但近期有波动。在2月24日到3月5日期间，金价出现下跌，但在3月12日之后，价...",
  "timestamp": "2025-05-16T22:28:39.903250",
  "analysis_content": {
    "technical_analysis": "---\n\n1. 日线和4小时的主导趋势方向：\n   - 日线趋势：从2月20日至今，XAUUSD的日线趋势总体呈上升趋势，但近期有波动。在2月24日到3月5日期间，金价出现下跌，但在3月12日之后，价格又回升至2930上方，表明上升趋势依然存在。\n   - 4小时趋势：在3月14日到3月19日期间，4小时图显示金价波动较大，但整体趋势仍为上升趋势，尤其是在3月18日之后，价格再次上涨。\n\n2. 1小时图的市场结构分析：\n   - 在3月18日20:00至3月19日16:00的1小时图上，金价经历了从3035.99的高点下跌至3025.09的低点，随后又反弹至3033.32的高点。这表明市场在短期内存在震荡，但整体趋势仍为上升趋势。\n\n3. 1小时图的关键支撑/阻力位：\n   - 支撑位：3025.09，3030.36，3033.32\n   - 阻力位：3035.99，3038.21，3040.05\n\n4. 1小时图的供需区域和订单块：\n   - 供需区域：目前难以准确判断供需区域，但可根据阻力位和支撑位大致判断。\n\n5. 1小时图的技术指标分析：\n   - RSI：在3月19日16:00时，RSI值为51.55，接近中性区域，表明短期内没有超买或超卖情况。\n   - EMA：EMA5、EMA10和EMA20在3月19日16:00时均位于价格下方，提供支撑。\n   - WPR：在3月19日16:00时，WPR值为-53.35，表明市场接近超卖区域。\n\n6. 1小时图的成交量特征：\n   - 成交量在3月19日16:00时有所增加，表明市场活跃度提高。\n\n7. 具体的交易机会和入场点：\n   - 买入机会：在关键支撑位附近，如3025.09、3030.36、3033.32。\n   - 卖出机会：在关键阻力位附近，如3035.99、3038.21、3040.05。\n\n---",
    "trading_signal": "---\n\n信号: 买入\n入场: 3030.36\n止损: 3027.73\n止盈: 3038.21\n仓位: 0.1手\n\n原因：根据技术分析，金价在关键支撑位附近，且RSI接近中性区域，WPR接近超卖区域，表明市场有反弹的潜力。在关键阻力位附近设置止盈，风险可控。\n\n---"
  }
}
2025-05-16 22:28:39,904 - INFO - Trade Decision: {
  "type": "trade_execution",
  "signal": {
    "action": "BUY",
    "entry_price": 3030.36,
    "stop_loss": 3027.73,
    "take_profit": 3038.21,
    "volume": 0.1
  },
  "timestamp": "2025-05-16T22:28:39.904358"
}
2025-05-16 23:26:13,229 - INFO - HTTP Request: POST https://open.bigmodel.cn/api/paas/v4/chat/completions "HTTP/1.1 200 OK"
2025-05-16 23:26:13,234 - INFO - Risk Check: {
  "market_data": {
    "D1": "\nRecent XAUUSD D1 candles:\nTime: 2025-02-14 00:00:00, Open: 2927.62, High: 2940.06, Low: 2876.98, Cl...",
    "H4": "\nRecent XAUUSD H4 candles:\nTime: 2025-03-10 12:00:00, Open: 2897.90, High: 2915.37, Low: 2895.52, Cl...",
    "H1": "\nRecent XAUUSD H1 candles:\nTime: 2025-03-12 20:00:00, Open: 2936.24, High: 2940.53, Low: 2936.05, Cl..."
  },
  "analysis": "---\n\n1. **日线和4小时的主导趋势方向**：\n   - **日线趋势**：根据提供的日线数据，XAUUSD在2025年2月14日至3月13日期间呈现出震荡上升的趋势。RSI值在70以上，显示出...",
  "timestamp": "2025-05-16T23:26:13.234026",
  "analysis_content": {
    "technical_analysis": "---\n\n1. **日线和4小时的主导趋势方向**：\n   - **日线趋势**：根据提供的日线数据，XAUUSD在2025年2月14日至3月13日期间呈现出震荡上升的趋势。RSI值在70以上，显示出一定的超买状态，但EMA5、EMA10和EMA20均呈现上升趋势，表明长期趋势仍然向上。\n   - **4小时趋势**：4小时图显示出与日线趋势一致的模式，价格在上升通道内波动，RSI在60至80之间波动，显示出市场处于上升趋势中。\n\n2. **1小时图的市场结构分析**：\n   - 1小时图显示出价格在较宽的范围内波动，但总体趋势仍然向上。最近的几个交易日中，价格在2920至2950之间波动，显示出一定的震荡性质。\n\n3. **1小时图的关键支撑/阻力位**：\n   - 支撑位：2890、2870、2850\n   - 阻力位：2920、2940、2950\n\n4. **1小时图的供需区域和订单块**：\n   - 由于缺乏具体的供需区域和订单块数据，无法准确分析。\n\n5. **1小时图的技术指标分析**：\n   - **RSI**：RSI值在60至80之间，显示出市场处于超买状态，但并非极端超买。\n   - **EMA**：EMA5、EMA10和EMA20显示出上升趋势，为市场提供支撑。\n   - **WPR**：WPR值在-20至-80之间，显示出市场处于超买状态。\n\n6. **1小时图的成交量特征**：\n   - 由于缺乏具体的成交量数据，无法准确分析。\n\n7. **具体的交易机会和入场点**：\n   - 由于市场处于超买状态，可以考虑在关键阻力位附近设置卖出订单，或在关键支撑位附近设置买入订单。\n\n---",
    "trading_signal": "---\n\n**信号**：卖出\n**入场**：2945\n**止损**：2955\n**止盈**：2915\n**仓位**：0.5手\n\n**理由**：当前市场处于超买状态，RSI值在80附近，接近超买区域。同时，价格接近近期阻力位2945，因此可以考虑在此位置设置卖出订单。\n\n**注意**：此信号基于技术分析，实际交易时请考虑市场动态和风险管理。\n\n---"
  }
}
2025-05-16 23:26:13,235 - INFO - Trade Decision: {
  "type": "trade_execution",
  "signal": {
    "action": "SELL",
    "volume": 0.01
  },
  "timestamp": "2025-05-16T23:26:13.235749"
}
2025-05-16 23:27:57,606 - INFO - HTTP Request: POST https://open.bigmodel.cn/api/paas/v4/chat/completions "HTTP/1.1 200 OK"
2025-05-16 23:27:57,608 - INFO - Risk Check: {
  "market_data": {
    "D1": "\nRecent XAUUSD D1 candles:\nTime: 2025-02-17 00:00:00, Open: 2884.74, High: 2906.44, Low: 2878.15, Cl...",
    "H4": "\nRecent XAUUSD H4 candles:\nTime: 2025-03-11 16:00:00, Open: 2913.09, High: 2922.09, Low: 2906.92, Cl...",
    "H1": "\nRecent XAUUSD H1 candles:\nTime: 2025-03-14 04:00:00, Open: 2986.68, High: 2990.19, Low: 2981.77, Cl..."
  },
  "analysis": "---\n1. **日线和4小时的主导趋势方向**:\n   - 日线：从2月17日至今，XAUUSD表现出一个上升趋势，但近期的波动性有所增加。RSI在70以上表明市场可能接近超买，但EMA20显示长期...",
  "timestamp": "2025-05-16T23:27:57.608727",
  "analysis_content": {
    "technical_analysis": "---\n1. **日线和4小时的主导趋势方向**:\n   - 日线：从2月17日至今，XAUUSD表现出一个上升趋势，但近期的波动性有所增加。RSI在70以上表明市场可能接近超买，但EMA20显示长期趋势仍然向上。\n   - 4小时：在3月12日至14日之间，4小时图表显示了一段震荡区间，价格在2910至2940之间波动。这表明市场可能正在构筑一个顶部。\n\n2. **1小时图的市场结构分析**:\n   - 1小时图表显示，在3月14日20:00之后，市场出现了一个下跌趋势，这可能与4小时图上的震荡区间顶部形成有关。\n\n3. **1小时图的关键支撑/阻力位**:\n   - 支撑位：2978.52、2969.21、2955.48\n   - 阻力位：2988.84、2996.24、3004.97\n\n4. **1小时图的供需区域和订单块**:\n   - 根据提供的1小时图表数据，无法直接观察到供需区域和订单块。\n\n5. **1小时图的技术指标分析**:\n   - RSI：在80以上时显示超买，RSI在70以上表明市场可能接近超买。\n   - EMA：EMA5、EMA10、EMA20在震荡区间内交叉，表明市场可能进入横盘整理。\n   - WPR：WPR在-20至-80区间内波动，表明市场可能处于超买或超卖状态。\n\n6. **1小时图的成交量特征**:\n   - 1小时图表显示，在3月14日20:00之后，成交量有所增加，这可能表明市场正在确认下跌趋势。\n\n7. **具体的交易机会和入场点**:\n   - 由于市场可能接近超买状态，并且出现了下跌趋势，可以考虑在关键阻力位附近卖出。\n\n---",
    "trading_signal": "---\n**信号**:\n卖出\n\n**入场**:\n2988.84\n\n**止损**:\n3004.97\n\n**止盈**:\n2978.52\n\n**仓位**:\n0.1手\n\n**原因**:\n- 市场可能接近超买状态。\n- 1小时图表显示下跌趋势。\n- 在关键阻力位附近入场。\n\n---"
  }
}
2025-05-16 23:27:57,609 - INFO - Trade Decision: {
  "type": "trade_execution",
  "signal": {
    "action": "SELL",
    "volume": 0.01
  },
  "timestamp": "2025-05-16T23:27:57.609836"
}
